c:\users\y9ggkh726\dev\dungeonmission\dungeonmission\x64\debug\vc143.pdb
c:\users\y9ggkh726\dev\dungeonmission\dungeonmission\x64\debug\vc143.idb
c:\users\y9ggkh726\dev\dungeonmission\dungeonmission\x64\debug\texturemanager.obj
c:\users\y9ggkh726\dev\dungeonmission\dungeonmission\x64\debug\main.obj
c:\users\y9ggkh726\dev\dungeonmission\dungeonmission\x64\debug\loadparameters.obj
c:\users\y9ggkh726\dev\dungeonmission\dungeonmission\x64\debug\game.obj
c:\users\y9ggkh726\dev\dungeonmission\dungeonmission\x64\debug\gameobject.obj
c:\users\y9ggkh726\dev\dungeonmission\dungeonmission\x64\debug\enemy.obj
c:\users\y9ggkh726\dev\dungeonmission\dungeonmission\x64\debug\player.obj
c:\users\y9ggkh726\dev\dungeonmission\dungeonmission\x64\debug\sdlgameobject.obj
c:\users\y9ggkh726\dev\dungeonmission\x64\debug\dungeonmission.pdb
c:\users\y9ggkh726\dev\dungeonmission\dungeonmission\x64\debug\dungeonmission.tlog\cl.command.1.tlog
c:\users\y9ggkh726\dev\dungeonmission\dungeonmission\x64\debug\dungeonmission.tlog\cl.read.1.tlog
c:\users\y9ggkh726\dev\dungeonmission\dungeonmission\x64\debug\dungeonmission.tlog\cl.write.1.tlog
c:\users\y9ggkh726\dev\dungeonmission\dungeonmission\x64\debug\dungeonmission.tlog\link-cvtres.read.1.tlog
c:\users\y9ggkh726\dev\dungeonmission\dungeonmission\x64\debug\dungeonmission.tlog\link-cvtres.write.1.tlog
c:\users\y9ggkh726\dev\dungeonmission\dungeonmission\x64\debug\dungeonmission.tlog\link-rc.read.1.tlog
c:\users\y9ggkh726\dev\dungeonmission\dungeonmission\x64\debug\dungeonmission.tlog\link-rc.write.1.tlog
c:\users\y9ggkh726\dev\dungeonmission\dungeonmission\x64\debug\dungeonmission.tlog\link.command.1.tlog
c:\users\y9ggkh726\dev\dungeonmission\dungeonmission\x64\debug\dungeonmission.tlog\link.read.1.tlog
c:\users\y9ggkh726\dev\dungeonmission\dungeonmission\x64\debug\dungeonmission.tlog\link.read.5.tlog
c:\users\y9ggkh726\dev\dungeonmission\dungeonmission\x64\debug\dungeonmission.tlog\link.write.1.tlog
